[2m2024-03-02T06:48:05.663952Z[0m [32m INFO[0m [2mrocket::launch[0m[2m:[0m Configured for release.    
[2m2024-03-02T06:48:05.665713Z[0m [32m INFO[0m [2mrocket::launch::_[0m[2m:[0m address: 0.0.0.0    
[2m2024-03-02T06:48:05.666270Z[0m [32m INFO[0m [2mrocket::launch::_[0m[2m:[0m port: 20445    
[2m2024-03-02T06:48:05.666345Z[0m [32m INFO[0m [2mrocket::launch::_[0m[2m:[0m workers: 3    
[2m2024-03-02T06:48:05.666354Z[0m [32m INFO[0m [2mrocket::launch::_[0m[2m:[0m max blocking threads: 512    
[2m2024-03-02T06:48:05.666360Z[0m [32m INFO[0m [2mrocket::launch::_[0m[2m:[0m ident: Rocket    
[2m2024-03-02T06:48:05.666368Z[0m [32m INFO[0m [2mrocket::launch::_[0m[2m:[0m IP header: X-Real-IP    
[2m2024-03-02T06:48:05.666375Z[0m [32m INFO[0m [2mrocket::launch::_[0m[2m:[0m limits: bytes = 8KiB, data-form = 2MiB, file = 1MiB, form = 32KiB, json = 4MB, msgpack = 1MiB, string = 8KiB    
[2m2024-03-02T06:48:05.666432Z[0m [32m INFO[0m [2mrocket::launch::_[0m[2m:[0m temp dir: C:\Users\soban\AppData\Local\Temp\    
[2m2024-03-02T06:48:05.666462Z[0m [32m INFO[0m [2mrocket::launch::_[0m[2m:[0m http/2: true    
[2m2024-03-02T06:48:05.666470Z[0m [32m INFO[0m [2mrocket::launch::_[0m[2m:[0m keep-alive: 5s    
[2m2024-03-02T06:48:05.666477Z[0m [32m INFO[0m [2mrocket::launch::_[0m[2m:[0m tls: disabled    
[2m2024-03-02T06:48:05.666483Z[0m [32m INFO[0m [2mrocket::launch::_[0m[2m:[0m shutdown: ctrlc = false, force = true, grace = 0s, mercy = 0s    
[2m2024-03-02T06:48:05.666505Z[0m [32m INFO[0m [2mrocket::launch::_[0m[2m:[0m log level: debug    
[2m2024-03-02T06:48:05.666513Z[0m [32m INFO[0m [2mrocket::launch::_[0m[2m:[0m cli colors: false    
[2m2024-03-02T06:48:05.666688Z[0m [32m INFO[0m [2mrocket::launch[0m[2m:[0m Routes:    
[2m2024-03-02T06:48:05.667270Z[0m [32m INFO[0m [2mrocket::launch::_[0m[2m:[0m (handle_bitcoin_rpc_call) POST / application/json    
[2m2024-03-02T06:48:05.668252Z[0m [32m INFO[0m [2mrocket::launch::_[0m[2m:[0m (handle_ping) GET /ping application/json    
[2m2024-03-02T06:48:05.668278Z[0m [32m INFO[0m [2mrocket::launch::_[0m[2m:[0m (handle_bitcoin_wallet_rpc_call) POST /wallet application/json    
[2m2024-03-02T06:48:05.668289Z[0m [32m INFO[0m [2mrocket::launch::_[0m[2m:[0m (handle_new_stacks_block) POST /new_block application/json    
[2m2024-03-02T06:48:05.668298Z[0m [32m INFO[0m [2mrocket::launch::_[0m[2m:[0m (handle_mined_block) POST /mined_block application/json    
[2m2024-03-02T06:48:05.668306Z[0m [32m INFO[0m [2mrocket::launch::_[0m[2m:[0m (handle_new_bitcoin_block) POST /new_burn_block application/json    
[2m2024-03-02T06:48:05.668313Z[0m [32m INFO[0m [2mrocket::launch::_[0m[2m:[0m (handle_new_mempool_tx) POST /new_mempool_tx application/json    
[2m2024-03-02T06:48:05.668321Z[0m [32m INFO[0m [2mrocket::launch::_[0m[2m:[0m (handle_new_microblocks) POST /new_microblocks application/json    
[2m2024-03-02T06:48:05.668329Z[0m [32m INFO[0m [2mrocket::launch::_[0m[2m:[0m (handle_drop_mempool_tx) POST /drop_mempool_tx application/json    
[2m2024-03-02T06:48:05.668340Z[0m [32m INFO[0m [2mrocket::launch::_[0m[2m:[0m (handle_mined_microblock) POST /mined_microblock application/json    
[2m2024-03-02T06:48:05.668348Z[0m [32m INFO[0m [2mrocket::launch::_[0m[2m:[0m (handle_new_attachement) POST /attachments/new application/json    
[2m2024-03-02T06:48:05.668387Z[0m [32m INFO[0m [2mrocket::launch[0m[2m:[0m Fairings:    
[2m2024-03-02T06:48:05.668399Z[0m [32m INFO[0m [2mrocket::launch::_[0m[2m:[0m Shield (liftoff, response, singleton)    
[2m2024-03-02T06:48:05.683644Z[0m [32m INFO[0m [2mrocket::shield::shield[0m[2m:[0m Shield:    
[2m2024-03-02T06:48:05.683715Z[0m [32m INFO[0m [2mrocket::shield::shield::_[0m[2m:[0m X-Content-Type-Options: nosniff    
[2m2024-03-02T06:48:05.683726Z[0m [32m INFO[0m [2mrocket::shield::shield::_[0m[2m:[0m X-Frame-Options: SAMEORIGIN    
[2m2024-03-02T06:48:05.683733Z[0m [32m INFO[0m [2mrocket::shield::shield::_[0m[2m:[0m Permissions-Policy: interest-cohort=()    
[2m2024-03-02T06:48:05.683778Z[0m [33m WARN[0m [2mrocket::launch[0m[2m:[0m Rocket has launched from http://0.0.0.0:20445    
[2m2024-03-02T06:48:07.803730Z[0m [32m INFO[0m [2mrocket::server[0m[2m:[0m Shutdown requested. Waiting for pending I/O...    
[2m2024-03-02T06:48:07.804628Z[0m [32m INFO[0m [2mrocket::server[0m[2m:[0m Graceful shutdown completed successfully.    
