[2m2024-03-02T07:12:28.818117Z[0m [32m INFO[0m [2mrocket::launch[0m[2m:[0m Configured for release.    
[2m2024-03-02T07:12:28.821101Z[0m [32m INFO[0m [2mrocket::launch::_[0m[2m:[0m address: 0.0.0.0    
[2m2024-03-02T07:12:28.821588Z[0m [32m INFO[0m [2mrocket::launch::_[0m[2m:[0m port: 20445    
[2m2024-03-02T07:12:28.821603Z[0m [32m INFO[0m [2mrocket::launch::_[0m[2m:[0m workers: 3    
[2m2024-03-02T07:12:28.821609Z[0m [32m INFO[0m [2mrocket::launch::_[0m[2m:[0m max blocking threads: 512    
[2m2024-03-02T07:12:28.821614Z[0m [32m INFO[0m [2mrocket::launch::_[0m[2m:[0m ident: Rocket    
[2m2024-03-02T07:12:28.821620Z[0m [32m INFO[0m [2mrocket::launch::_[0m[2m:[0m IP header: X-Real-IP    
[2m2024-03-02T07:12:28.821625Z[0m [32m INFO[0m [2mrocket::launch::_[0m[2m:[0m limits: bytes = 8KiB, data-form = 2MiB, file = 1MiB, form = 32KiB, json = 4MB, msgpack = 1MiB, string = 8KiB    
[2m2024-03-02T07:12:28.821655Z[0m [32m INFO[0m [2mrocket::launch::_[0m[2m:[0m temp dir: C:\Users\soban\AppData\Local\Temp\    
[2m2024-03-02T07:12:28.821722Z[0m [32m INFO[0m [2mrocket::launch::_[0m[2m:[0m http/2: true    
[2m2024-03-02T07:12:28.821730Z[0m [32m INFO[0m [2mrocket::launch::_[0m[2m:[0m keep-alive: 5s    
[2m2024-03-02T07:12:28.821736Z[0m [32m INFO[0m [2mrocket::launch::_[0m[2m:[0m tls: disabled    
[2m2024-03-02T07:12:28.821741Z[0m [32m INFO[0m [2mrocket::launch::_[0m[2m:[0m shutdown: ctrlc = false, force = true, grace = 0s, mercy = 0s    
[2m2024-03-02T07:12:28.821869Z[0m [32m INFO[0m [2mrocket::launch::_[0m[2m:[0m log level: debug    
[2m2024-03-02T07:12:28.821890Z[0m [32m INFO[0m [2mrocket::launch::_[0m[2m:[0m cli colors: false    
[2m2024-03-02T07:12:28.822144Z[0m [32m INFO[0m [2mrocket::launch[0m[2m:[0m Routes:    
[2m2024-03-02T07:12:28.822695Z[0m [32m INFO[0m [2mrocket::launch::_[0m[2m:[0m (handle_bitcoin_rpc_call) POST / application/json    
[2m2024-03-02T07:12:28.823169Z[0m [32m INFO[0m [2mrocket::launch::_[0m[2m:[0m (handle_ping) GET /ping application/json    
[2m2024-03-02T07:12:28.823197Z[0m [32m INFO[0m [2mrocket::launch::_[0m[2m:[0m (handle_bitcoin_wallet_rpc_call) POST /wallet application/json    
[2m2024-03-02T07:12:28.823208Z[0m [32m INFO[0m [2mrocket::launch::_[0m[2m:[0m (handle_new_stacks_block) POST /new_block application/json    
[2m2024-03-02T07:12:28.823218Z[0m [32m INFO[0m [2mrocket::launch::_[0m[2m:[0m (handle_mined_block) POST /mined_block application/json    
[2m2024-03-02T07:12:28.823227Z[0m [32m INFO[0m [2mrocket::launch::_[0m[2m:[0m (handle_new_bitcoin_block) POST /new_burn_block application/json    
[2m2024-03-02T07:12:28.823234Z[0m [32m INFO[0m [2mrocket::launch::_[0m[2m:[0m (handle_new_mempool_tx) POST /new_mempool_tx application/json    
[2m2024-03-02T07:12:28.823242Z[0m [32m INFO[0m [2mrocket::launch::_[0m[2m:[0m (handle_new_microblocks) POST /new_microblocks application/json    
[2m2024-03-02T07:12:28.823250Z[0m [32m INFO[0m [2mrocket::launch::_[0m[2m:[0m (handle_drop_mempool_tx) POST /drop_mempool_tx application/json    
[2m2024-03-02T07:12:28.823258Z[0m [32m INFO[0m [2mrocket::launch::_[0m[2m:[0m (handle_mined_microblock) POST /mined_microblock application/json    
[2m2024-03-02T07:12:28.823265Z[0m [32m INFO[0m [2mrocket::launch::_[0m[2m:[0m (handle_new_attachement) POST /attachments/new application/json    
[2m2024-03-02T07:12:28.823310Z[0m [32m INFO[0m [2mrocket::launch[0m[2m:[0m Fairings:    
[2m2024-03-02T07:12:28.823322Z[0m [32m INFO[0m [2mrocket::launch::_[0m[2m:[0m Shield (liftoff, response, singleton)    
[2m2024-03-02T07:12:28.841905Z[0m [32m INFO[0m [2mrocket::shield::shield[0m[2m:[0m Shield:    
[2m2024-03-02T07:12:28.842487Z[0m [32m INFO[0m [2mrocket::shield::shield::_[0m[2m:[0m X-Frame-Options: SAMEORIGIN    
[2m2024-03-02T07:12:28.842510Z[0m [32m INFO[0m [2mrocket::shield::shield::_[0m[2m:[0m Permissions-Policy: interest-cohort=()    
[2m2024-03-02T07:12:28.842521Z[0m [32m INFO[0m [2mrocket::shield::shield::_[0m[2m:[0m X-Content-Type-Options: nosniff    
[2m2024-03-02T07:12:28.842569Z[0m [33m WARN[0m [2mrocket::launch[0m[2m:[0m Rocket has launched from http://0.0.0.0:20445    
[2m2024-03-02T07:12:33.991370Z[0m [32m INFO[0m [2mrocket::server[0m[2m:[0m Shutdown requested. Waiting for pending I/O...    
[2m2024-03-02T07:12:33.992496Z[0m [32m INFO[0m [2mrocket::server[0m[2m:[0m Graceful shutdown completed successfully.    
