Mar 02 03:46:22.681 INFO Checking contracts
Mar 02 03:46:22.732 INFO Starting Devnet
Mar 02 03:46:22.749 INFO Initiating Devnet boot sequence (working_dir: D:\Code\Clarity\hireVibes\HireVibesDAO\.\.cache\stacks-devnet-1709351182)
Mar 02 03:46:22.761 INFO Creating network HireVibesDAO.devnet
Mar 02 03:46:22.763 INFO Starting bitcoin-node
Mar 02 03:46:28.016 INFO Created container bitcoin-node: aede05b3a4124bfc227d918daec876080697a57d44dc158701f1eab82a55d5ba
Mar 02 03:46:29.149 INFO Configuring bitcoin-node
Mar 02 03:46:29.700 ERRO Ok("{\"result\":null,\"error\":{\"code\":-28,\"message\":\"Verifying blocks…\"},\"id\":\"stacks-network\"}\n")
Mar 02 03:46:30.704 INFO Waiting for bitcoin-node
Mar 02 03:46:30.858 INFO Registering addr(n3GRiDLKWuKLCw1DZmV75W1mE35qmW2tQm)#dm832d0a
Mar 02 03:46:30.921 INFO Registering addr(mjSrB3wS4xab3kYqFktwBzfTdPg367ZJ2d)#kdxvqwc5
Mar 02 03:46:30.988 INFO Registering addr(mqVnk6NPRdhntvfm4hh9vvjiRkFDUuSYsH)#ypxkdrsq
Mar 02 03:46:31.043 INFO Registering addr(mjSrB3wS4xab3kYqFktwBzfTdPg367ZJ2d)#kdxvqwc5
Mar 02 03:46:31.108 INFO Registering addr(mr1iPkD9N3RJZZxXRk7xF9d36gffa6exNC)#n3uhsuqz
Mar 02 03:46:31.173 INFO Registering addr(muYdXKmX9bByAueDe6KFfHd5Ff1gdN9ErG)#0ayck9fm
Mar 02 03:46:31.249 INFO Registering addr(mvZtbibDAAA3WLpY7zXXFqRa3T4XSknBX7)#hkf7ujwt
Mar 02 03:46:31.324 INFO Registering addr(mg1C76bNTutiCDV3t9nWhZs3Dc8LzUufj8)#gtqjph77
Mar 02 03:46:31.399 INFO Registering addr(mweN5WVqadScHdA81aATSdcVr4B6dNokqx)#qz3ysrq0
Mar 02 03:46:31.515 INFO Registering addr(mzxXgV6e4BZSsz8zVHm3TmqbECt7mbuErt)#pnqz0pm8
Mar 02 03:46:31.584 INFO Registering addr(n37mwmru2oaVosgfuvzBwgV2ysCQRrLko7)#lh2paj0q
Mar 02 03:46:31.676 INFO Registering addr(n2v875jbJ4RjBnTjgbfikDfnwsDV5iUByw)#8606llct
Mar 02 03:46:31.736 INFO Starting postgres
Mar 02 03:47:20.960 INFO Created container postgres: 9588b3e9422a541df1b950e2e62094ed4b135a63651e05f6ae8df08d7812d217
Mar 02 03:47:24.144 INFO Starting stacks-api
Mar 02 03:54:39.696 INFO Created container stacks-api: 4c14a725754ea0bfb8f4bfaf84ab2b24d99327c703e85c46714a539674dba4ce
Mar 02 03:54:48.816 INFO Starting stacks-node
Mar 02 03:55:50.113 INFO Created container stacks-node: a04e6e48f91f4991c1698f9d0f41e0c5f26cd1052612ffee1f684c1821b67a46
Mar 02 03:57:32.237 INFO Created container stacks-explorer: 34779bee13ee007f9f03ed516af4eee8def65aa720db8b731bb725e5887d5982
Mar 02 03:57:32.244 INFO Starting stacks-explorer
Mar 02 03:59:08.883 INFO Created container bitcoin-explorer: 16af330ffaa7ec8e698226959e072eb0fafc44e2bbca3440ab159d2f405c0924
Mar 02 03:59:08.884 INFO Starting bitcoin-explorer
Mar 02 04:42:05.078 WARN Ctrl+C received, initiating termination sequence.
Mar 02 04:42:05.104 INFO Handling Termination command
Mar 02 04:42:07.649 INFO Terminating bitcoin-explorer
